<?xml version="1.0" encoding="UTF-8"?>
<testsuite xmlns:xsi="http://www.w3.org/2001/XMLSchema-instance" xsi:noNamespaceSchemaLocation="https://maven.apache.org/surefire/maven-surefire-plugin/xsd/surefire-test-report-3.0.xsd" version="3.0" name="test.java.com.rockpaperscissor.myapp.GameLogicTest" time="0.083" tests="2" errors="0" skipped="0" failures="0">
  <properties>
[...]
</properties>
  <testcase name="testWinningPlayerChecker" classname="test.java.com.rockpaperscissor.myapp.GameLogicTest" time="0.052"/>
  <testcase name="testGetRandomValue" classname="test.java.com.rockpaperscissor.myapp.GameLogicTest" time="0.004"/>
</testsuite>